  SFML_EX.cpp
d:\it carlow\year3\c++\project\sfml_maze_ca\sfml_ex\sfml_ex.cpp(97): warning C4244: '=': conversion from 'T' to 'int', possible loss of data
          with
          [
              T=float
          ]
d:\it carlow\year3\c++\project\sfml_maze_ca\sfml_ex\sfml_ex.cpp(98): warning C4244: '=': conversion from 'T' to 'int', possible loss of data
          with
          [
              T=float
          ]
d:\it carlow\year3\c++\project\sfml_maze_ca\sfml_ex\sfml_ex.cpp(162): warning C4244: '=': conversion from 'T' to 'int', possible loss of data
          with
          [
              T=float
          ]
d:\it carlow\year3\c++\project\sfml_maze_ca\sfml_ex\sfml_ex.cpp(163): warning C4244: '=': conversion from 'T' to 'int', possible loss of data
          with
          [
              T=float
          ]
d:\it carlow\year3\c++\project\sfml_maze_ca\sfml_ex\sfml_ex.cpp(422): warning C4244: 'argument': conversion from 'time_t' to 'unsigned int', possible loss of data
d:\it carlow\year3\c++\project\sfml_maze_ca\sfml_ex\sfml_ex.cpp(579): warning C4244: 'initializing': conversion from 'T' to 'int', possible loss of data
          with
          [
              T=float
          ]
d:\it carlow\year3\c++\project\sfml_maze_ca\sfml_ex\sfml_ex.cpp(580): warning C4244: 'initializing': conversion from 'T' to 'int', possible loss of data
          with
          [
              T=float
          ]
d:\it carlow\year3\c++\project\sfml_maze_ca\sfml_ex\sfml_ex.cpp(646): warning C4244: 'argument': conversion from 'int' to 'float', possible loss of data
d:\it carlow\year3\c++\project\sfml_maze_ca\sfml_ex\sfml_ex.cpp(423): warning C4101: 'randomNum': unreferenced local variable
  Generating code
d:\it carlow\year3\c++\project\sfml_maze_ca\sfml_ex\sfml_ex.cpp(204): warning C4715: 'Player::movePlayer': not all control paths return a value
d:\it carlow\year3\c++\project\sfml_maze_ca\sfml_ex\sfml_ex.cpp(139): warning C4715: 'Enemy::moveEnemy': not all control paths return a value
  177 of 220 functions (80.5%) were compiled, the rest were copied from previous compilation.
    106 functions were new in current compilation
    10 functions had inline decision re-evaluated but remain unchanged
  Finished generating code
  SFML_EX.vcxproj -> D:\IT Carlow\Year3\C++\Project\SFML_MAZE_CA\Release\SFML_EX.exe
